[debug] [2022-12-05T20:19:33.064Z] ----------------------------------------------------------------------
[debug] [2022-12-05T20:19:33.084Z] Command:       C:\Program Files\nodejs\node.exe C:\Users\YOOT\AppData\Roaming\npm\node_modules\firebase-tools\lib\bin\firebase.js init
[debug] [2022-12-05T20:19:33.090Z] CLI Version:   11.16.1
[debug] [2022-12-05T20:19:33.094Z] Platform:      win32
[debug] [2022-12-05T20:19:33.095Z] Node Version:  v18.4.0
[debug] [2022-12-05T20:19:33.106Z] Time:          Mon Dec 05 2022 15:19:33 GMT-0500 (hora estándar de Colombia)
[debug] [2022-12-05T20:19:33.108Z] ----------------------------------------------------------------------
[debug] 
[debug] [2022-12-05T20:19:33.834Z] > command requires scopes: ["email","openid","https://www.googleapis.com/auth/cloudplatformprojects.readonly","https://www.googleapis.com/auth/firebase","https://www.googleapis.com/auth/cloud-platform"]
[debug] [2022-12-05T20:19:33.839Z] > authorizing via signed-in user (yooy651@gmail.com)
[info] 
     ######## #### ########  ######## ########     ###     ######  ########
     ##        ##  ##     ## ##       ##     ##  ##   ##  ##       ##
     ######    ##  ########  ######   ########  #########  ######  ######
     ##        ##  ##    ##  ##       ##     ## ##     ##       ## ##
     ##       #### ##     ## ######## ########  ##     ##  ######  ########

You're about to initialize a Firebase project in this directory:

  C:\Area de trabajo\profession

Before we get started, keep in mind:

  * You are currently outside your home directory
  * You are initializing within an existing Firebase project directory

