[debug] [2022-12-05T20:18:30.277Z] ----------------------------------------------------------------------
[debug] [2022-12-05T20:18:30.296Z] Command:       C:\Program Files\nodejs\node.exe C:\Users\YOOT\AppData\Roaming\npm\node_modules\firebase-tools\lib\bin\firebase.js init
[debug] [2022-12-05T20:18:30.301Z] CLI Version:   11.16.1
[debug] [2022-12-05T20:18:30.303Z] Platform:      win32
[debug] [2022-12-05T20:18:30.304Z] Node Version:  v18.4.0
[debug] [2022-12-05T20:18:30.312Z] Time:          Mon Dec 05 2022 15:18:30 GMT-0500 (hora estándar de Colombia)
[debug] [2022-12-05T20:18:30.315Z] ----------------------------------------------------------------------
[debug] 
[debug] [2022-12-05T20:18:31.035Z] > command requires scopes: ["email","openid","https://www.googleapis.com/auth/cloudplatformprojects.readonly","https://www.googleapis.com/auth/firebase","https://www.googleapis.com/auth/cloud-platform"]
[debug] [2022-12-05T20:18:31.039Z] > authorizing via signed-in user (yooy651@gmail.com)
[info] 
     ######## #### ########  ######## ########     ###     ######  ########
     ##        ##  ##     ## ##       ##     ##  ##   ##  ##       ##
     ######    ##  ########  ######   ########  #########  ######  ######
     ##        ##  ##    ##  ##       ##     ## ##     ##       ## ##
     ##       #### ##     ## ######## ########  ##     ##  ######  ########

You're about to initialize a Firebase project in this directory:

  C:\Area de trabajo\profession

Before we get started, keep in mind:

  * You are currently outside your home directory
  * You are initializing within an existing Firebase project directory

